<?xml version="1.0" encoding="UTF-8"?>
<!-- Generated by org.testng.reporters.JUnitReportReporter -->
<testsuite hostname="CPDK190" failures="0" tests="1" name="com.APITesting.TestGetandPostRequest" time="3.355" errors="0" timestamp="2024-07-05T16:51:09 IST" skipped="0">
  <testcase classname="com.APITesting.TestGetandPostRequest" name="POStRequest" time="3.355"/>
</testsuite> <!-- com.APITesting.TestGetandPostRequest -->
