<?xml version="1.0" encoding="UTF-8"?>
<!-- Generated by org.testng.reporters.JUnitReportReporter -->
<testsuite hostname="CPDK190" failures="0" tests="2" name="com.APITesting.FirstTest" time="2.543" errors="0" timestamp="2024-07-05T12:23:33 IST" skipped="0">
  <testcase classname="com.APITesting.FirstTest" name="GETApiTest2" time="2.412"/>
  <testcase classname="com.APITesting.FirstTest" name="GETApitest" time="0.131"/>
</testsuite> <!-- com.APITesting.FirstTest -->
